<?xml version="1.0" encoding="UTF-8" ?>
<testsuite tests="33" failures="0" name="step_definitions.RunCukesTest" time="0.643" errors="0" skipped="0">
  <properties>
[...]
</properties>
  <testcase classname="Scenario: Normal Login" name="Given User open the website souce demo" time="0.007"/>
  <testcase classname="Scenario: Normal Login" name="When User input &quot;standard_user&quot; as userName and input &quot;secret_sauce&quot; as pass" time="0"/>
  <testcase classname="Scenario: Normal Login" name="Then User already on landing page" time="0"/>
  <testcase classname="Scenario: Normal Login" name="Scenario: Normal Login" time="0.155"/>
  <testcase classname="| standard_user |  | Epic sadface: Password is required |" name="Given User open the website souce demo" time="0"/>
  <testcase classname="| standard_user |  | Epic sadface: Password is required |" name="When User input &quot;standard_user&quot; as userName and input &quot;&quot; as pass" time="0"/>
  <testcase classname="| standard_user |  | Epic sadface: Password is required |" name="Then User see error &quot;Epic sadface: Password is required&quot; on login page" time="0"/>
  <testcase classname="| standard_user |  | Epic sadface: Password is required |" name="| standard_user |  | Epic sadface: Password is required |" time="0.133"/>
  <testcase classname="|  | secret_sauce | Epic sadface: Username is required |" name="Given User open the website souce demo" time="0"/>
  <testcase classname="|  | secret_sauce | Epic sadface: Username is required |" name="When User input &quot;&quot; as userName and input &quot;secret_sauce&quot; as pass" time="0"/>
  <testcase classname="|  | secret_sauce | Epic sadface: Username is required |" name="Then User see error &quot;Epic sadface: Username is required&quot; on login page" time="0"/>
  <testcase classname="|  | secret_sauce | Epic sadface: Username is required |" name="|  | secret_sauce | Epic sadface: Username is required |" time="0.115"/>
  <testcase classname="| 123salah | salah juga123 | Epic sadface: Username and password do not match any user in this service |" name="Given User open the website souce demo" time="0.001"/>
  <testcase classname="| 123salah | salah juga123 | Epic sadface: Username and password do not match any user in this service |" name="When User input &quot;123salah&quot; as userName and input &quot;salah juga123&quot; as pass" time="0"/>
  <testcase classname="| 123salah | salah juga123 | Epic sadface: Username and password do not match any user in this service |" name="Then User see error &quot;Epic sadface: Username and password do not match any user in this service&quot; on login page" time="0"/>
  <testcase classname="| 123salah | salah juga123 | Epic sadface: Username and password do not match any user in this service |" name="| 123salah | salah juga123 | Epic sadface: Username and password do not match any user in this service |" time="0.109"/>
  <testcase classname="Scenario: User make a purchase with 2 item" name="Given User open the website souce demo" time="0"/>
  <testcase classname="Scenario: User make a purchase with 2 item" name="When User input &quot;standard_user&quot; as userName and input &quot;secret_sauce&quot; as pass" time="0"/>
  <testcase classname="Scenario: User make a purchase with 2 item" name="Then User already on landing page" time="0"/>
  <testcase classname="Scenario: User make a purchase with 2 item" name="Then User sort product list by &quot;Name (Z to A)&quot;" time="0"/>
  <testcase classname="Scenario: User make a purchase with 2 item" name="And User choice 2 product from the list" time="0.001"/>
  <testcase classname="Scenario: User make a purchase with 2 item" name="And User Click Product add to cart" time="0"/>
  <testcase classname="Scenario: User make a purchase with 2 item" name="And User Click remove product to cart" time="0"/>
  <testcase classname="Scenario: User make a purchase with 2 item" name="And User Click Check Out product" time="0.001"/>
  <testcase classname="Scenario: User make a purchase with 2 item" name="When User input &quot;viski&quot; as firstNameCheckOut and input &quot;arditia&quot; as lastNameCheckOut and input &quot;16620&quot; as portalCode" time="0"/>
  <testcase classname="Scenario: User make a purchase with 2 item" name="And User Click continue confirm to payment" time="0"/>
  <testcase classname="Scenario: User make a purchase with 2 item" name="Then Page Display where item price is same with item total" time="0"/>
  <testcase classname="Scenario: User make a purchase with 2 item" name="And Page Display the item total price after tax is same with total purchase" time="0"/>
  <testcase classname="Scenario: User make a purchase with 2 item" name="And User Click Finish for Order Done" time="0"/>
  <testcase classname="Scenario: User make a purchase with 2 item" name="Then THANK YOU FOR YOUR ORDER" time="0"/>
  <testcase classname="Scenario: User make a purchase with 2 item" name="And User Click Burger Button" time="0"/>
  <testcase classname="Scenario: User make a purchase with 2 item" name="And User Click Button Log Out" time="0"/>
  <testcase classname="Scenario: User make a purchase with 2 item" name="Scenario: User make a purchase with 2 item" time="0.121"/>
</testsuite>